app/build/intermediates/manifest_merge_blame_file/debug/manifest-merger-blame-debug-report.txt
1<?xml version="1.0" encoding="utf-8"?>
2<manifest xmlns:android="http://schemas.android.com/apk/res/android"
3    package="hangultensordroid.ibm.org.tensorflowhangulrecognition"
4    android:versionCode="1"
5    android:versionName="1.0" >
6
7    <uses-sdk
8        android:minSdkVersion="21"
8-->src\main\AndroidManifest.xml
9        android:targetSdkVersion="26" />
9-->src\main\AndroidManifest.xml
10
11    <uses-permission android:name="android.permission.INTERNET" />
11-->src\main\AndroidManifest.xml:5:5-67
11-->src\main\AndroidManifest.xml:5:22-64
12    <uses-permission android:name="android.permission.CAMERA" >
12-->src\main\AndroidManifest.xml:6:5-82
12-->src\main\AndroidManifest.xml:6:22-62
13    </uses-permission>
14    <uses-permission android:name="android.permission.WRITE_EXTERNAL_STORAGE" />
15    <uses-permission android:name="android.permission.READ_PHONE_STATE" />
16    <uses-permission android:name="android.permission.READ_EXTERNAL_STORAGE" />
17
18    <application
18-->src\main\AndroidManifest.xml:8:5-22:19
19        android:allowBackup="true"
19-->src\main\AndroidManifest.xml:9:9-35
20        android:debuggable="true"
21        android:icon="@mipmap/ic_launcher"
21-->src\main\AndroidManifest.xml:10:9-43
22        android:label="@string/app_name"
22-->src\main\AndroidManifest.xml:11:9-41
23        android:roundIcon="@mipmap/ic_launcher_round"
23-->src\main\AndroidManifest.xml:12:9-54
24        android:supportsRtl="true"
24-->src\main\AndroidManifest.xml:13:9-35
25        android:testOnly="true"
26        android:theme="@style/AppTheme" >
26-->src\main\AndroidManifest.xml:14:9-40
27        <activity android:name="ibm.tf.hangul.MainActivity" >
27-->src\main\AndroidManifest.xml:15:9-21:20
27-->src\main\AndroidManifest.xml:15:19-47
28            <intent-filter>
28-->src\main\AndroidManifest.xml:16:13-20:29
29                <action android:name="android.intent.action.MAIN" />
29-->src\main\AndroidManifest.xml:17:17-69
29-->src\main\AndroidManifest.xml:17:25-66
30
31                <category android:name="android.intent.category.LAUNCHER" />
31-->src\main\AndroidManifest.xml:19:17-77
31-->src\main\AndroidManifest.xml:19:27-74
32            </intent-filter>
33        </activity>
34
35        <meta-data
35-->[com.android.support:appcompat-v7:26.1.0] AndroidManifest.xml:26:9-28:38
36            android:name="android.support.VERSION"
36-->[com.android.support:appcompat-v7:26.1.0] AndroidManifest.xml:27:13-51
37            android:value="26.1.0" />
37-->[com.android.support:appcompat-v7:26.1.0] AndroidManifest.xml:28:13-35
38        <meta-data
38-->[android.arch.lifecycle:runtime:1.0.0] AndroidManifest.xml:25:9-27:47
39            android:name="android.arch.lifecycle.VERSION"
39-->[android.arch.lifecycle:runtime:1.0.0] AndroidManifest.xml:26:13-58
40            android:value="27.0.0-SNAPSHOT" />
40-->[android.arch.lifecycle:runtime:1.0.0] AndroidManifest.xml:27:13-44
41    </application>
42
43</manifest>